c:\users\henry\documents\visual studio 2015\projects\dso-sample\dso-sample\debug\dso-sample.pch
c:\users\henry\documents\visual studio 2015\projects\dso-sample\dso-sample\debug\vc140.pdb
c:\users\henry\documents\visual studio 2015\projects\dso-sample\dso-sample\debug\vc140.idb
c:\users\henry\documents\visual studio 2015\projects\dso-sample\dso-sample\debug\stdafx.obj
c:\users\henry\documents\visual studio 2015\projects\dso-sample\dso-sample\debug\channel.obj
c:\users\henry\documents\visual studio 2015\projects\dso-sample\dso-sample\debug\drawgraph.obj
c:\users\henry\documents\visual studio 2015\projects\dso-sample\dso-sample\debug\dso-sample.obj
c:\users\henry\documents\visual studio 2015\projects\dso-sample\dso-sample\debug\dso-sampledlg.obj
c:\users\henry\documents\visual studio 2015\projects\dso-sample\dso-sample\debug\hard.obj
c:\users\henry\documents\visual studio 2015\projects\dso-sample\dso-sample\debug\trigger.obj
c:\users\henry\documents\visual studio 2015\projects\dso-sample\dso-sample\debug\viewer.obj
c:\users\henry\documents\visual studio 2015\projects\dso-sample\dso-sample\debug\dso-sample.res
c:\users\henry\documents\visual studio 2015\projects\dso-sample\debug\dso-sample.pdb
c:\users\henry\documents\visual studio 2015\projects\dso-sample\debug\dso-sample.ilk
c:\users\henry\documents\visual studio 2015\projects\dso-sample\dso-sample\debug\dso-sample.tlog\cl.command.1.tlog
c:\users\henry\documents\visual studio 2015\projects\dso-sample\dso-sample\debug\dso-sample.tlog\cl.read.1.tlog
c:\users\henry\documents\visual studio 2015\projects\dso-sample\dso-sample\debug\dso-sample.tlog\cl.write.1.tlog
c:\users\henry\documents\visual studio 2015\projects\dso-sample\dso-sample\debug\dso-sample.tlog\link.command.1.tlog
c:\users\henry\documents\visual studio 2015\projects\dso-sample\dso-sample\debug\dso-sample.tlog\link.read.1.tlog
c:\users\henry\documents\visual studio 2015\projects\dso-sample\dso-sample\debug\dso-sample.tlog\link.write.1.tlog
c:\users\henry\documents\visual studio 2015\projects\dso-sample\dso-sample\debug\dso-sample.tlog\rc.command.1.tlog
c:\users\henry\documents\visual studio 2015\projects\dso-sample\dso-sample\debug\dso-sample.tlog\rc.read.1.tlog
c:\users\henry\documents\visual studio 2015\projects\dso-sample\dso-sample\debug\dso-sample.tlog\rc.write.1.tlog
