  stdafx.cpp
  Viewer.cpp
c:\root_v5.34.36\include\tstring.h(505): warning C4996: 'sprintf': This function or variable may be unsafe. Consider using sprintf_s instead. To disable deprecation, use _CRT_SECURE_NO_WARNINGS. See online help for details.
  c:\program files (x86)\windows kits\10\include\10.0.10150.0\ucrt\stdio.h(1769): note: see declaration of 'sprintf'
c:\root_v5.34.36\include\tstring.h(508): warning C4996: 'sprintf': This function or variable may be unsafe. Consider using sprintf_s instead. To disable deprecation, use _CRT_SECURE_NO_WARNINGS. See online help for details.
  c:\program files (x86)\windows kits\10\include\10.0.10150.0\ucrt\stdio.h(1769): note: see declaration of 'sprintf'
c:\root_v5.34.36\include\tstring.h(526): warning C4996: 'sprintf': This function or variable may be unsafe. Consider using sprintf_s instead. To disable deprecation, use _CRT_SECURE_NO_WARNINGS. See online help for details.
  c:\program files (x86)\windows kits\10\include\10.0.10150.0\ucrt\stdio.h(1769): note: see declaration of 'sprintf'
c:\root_v5.34.36\include\tstring.h(537): warning C4996: 'sprintf': This function or variable may be unsafe. Consider using sprintf_s instead. To disable deprecation, use _CRT_SECURE_NO_WARNINGS. See online help for details.
  c:\program files (x86)\windows kits\10\include\10.0.10150.0\ucrt\stdio.h(1769): note: see declaration of 'sprintf'
c:\root_v5.34.36\include\tstring.h(545): warning C4996: 'sprintf': This function or variable may be unsafe. Consider using sprintf_s instead. To disable deprecation, use _CRT_SECURE_NO_WARNINGS. See online help for details.
  c:\program files (x86)\windows kits\10\include\10.0.10150.0\ucrt\stdio.h(1769): note: see declaration of 'sprintf'
c:\root_v5.34.36\include\tpad.h(326): warning C4800: 'Int_t': forcing value to bool 'true' or 'false' (performance warning)
c:\root_v5.34.36\include\tpad.h(327): warning C4800: 'Int_t': forcing value to bool 'true' or 'false' (performance warning)
c:\root_v5.34.36\include\tpad.h(328): warning C4800: 'Int_t': forcing value to bool 'true' or 'false' (performance warning)
c:\root_v5.34.36\include\tpad.h(384): warning C4800: 'TVirtualViewer3D *const ': forcing value to bool 'true' or 'false' (performance warning)
  Trigger.cpp
  Hard.cpp
  DSO-SampleDlg.cpp
c:\root_v5.34.36\include\tstring.h(505): warning C4996: 'sprintf': This function or variable may be unsafe. Consider using sprintf_s instead. To disable deprecation, use _CRT_SECURE_NO_WARNINGS. See online help for details.
  c:\program files (x86)\windows kits\10\include\10.0.10150.0\ucrt\stdio.h(1769): note: see declaration of 'sprintf'
c:\root_v5.34.36\include\tstring.h(508): warning C4996: 'sprintf': This function or variable may be unsafe. Consider using sprintf_s instead. To disable deprecation, use _CRT_SECURE_NO_WARNINGS. See online help for details.
  c:\program files (x86)\windows kits\10\include\10.0.10150.0\ucrt\stdio.h(1769): note: see declaration of 'sprintf'
c:\root_v5.34.36\include\tstring.h(526): warning C4996: 'sprintf': This function or variable may be unsafe. Consider using sprintf_s instead. To disable deprecation, use _CRT_SECURE_NO_WARNINGS. See online help for details.
  c:\program files (x86)\windows kits\10\include\10.0.10150.0\ucrt\stdio.h(1769): note: see declaration of 'sprintf'
c:\root_v5.34.36\include\tstring.h(537): warning C4996: 'sprintf': This function or variable may be unsafe. Consider using sprintf_s instead. To disable deprecation, use _CRT_SECURE_NO_WARNINGS. See online help for details.
  c:\program files (x86)\windows kits\10\include\10.0.10150.0\ucrt\stdio.h(1769): note: see declaration of 'sprintf'
c:\root_v5.34.36\include\tstring.h(545): warning C4996: 'sprintf': This function or variable may be unsafe. Consider using sprintf_s instead. To disable deprecation, use _CRT_SECURE_NO_WARNINGS. See online help for details.
  c:\program files (x86)\windows kits\10\include\10.0.10150.0\ucrt\stdio.h(1769): note: see declaration of 'sprintf'
c:\root_v5.34.36\include\tpad.h(326): warning C4800: 'Int_t': forcing value to bool 'true' or 'false' (performance warning)
c:\root_v5.34.36\include\tpad.h(327): warning C4800: 'Int_t': forcing value to bool 'true' or 'false' (performance warning)
c:\root_v5.34.36\include\tpad.h(328): warning C4800: 'Int_t': forcing value to bool 'true' or 'false' (performance warning)
c:\root_v5.34.36\include\tpad.h(384): warning C4800: 'TVirtualViewer3D *const ': forcing value to bool 'true' or 'false' (performance warning)
c:\users\henry\documents\visual studio 2015\projects\dso-sample\dso-sample\dso-sampledlg.cpp(288): warning C4018: '<': signed/unsigned mismatch
c:\users\henry\documents\visual studio 2015\projects\dso-sample\dso-sample\dso-sampledlg.cpp(472): warning C4800: 'BOOL': forcing value to bool 'true' or 'false' (performance warning)
  DSO-Sample.cpp
c:\root_v5.34.36\include\tstring.h(505): warning C4996: 'sprintf': This function or variable may be unsafe. Consider using sprintf_s instead. To disable deprecation, use _CRT_SECURE_NO_WARNINGS. See online help for details.
  c:\program files (x86)\windows kits\10\include\10.0.10150.0\ucrt\stdio.h(1769): note: see declaration of 'sprintf'
c:\root_v5.34.36\include\tstring.h(508): warning C4996: 'sprintf': This function or variable may be unsafe. Consider using sprintf_s instead. To disable deprecation, use _CRT_SECURE_NO_WARNINGS. See online help for details.
  c:\program files (x86)\windows kits\10\include\10.0.10150.0\ucrt\stdio.h(1769): note: see declaration of 'sprintf'
c:\root_v5.34.36\include\tstring.h(526): warning C4996: 'sprintf': This function or variable may be unsafe. Consider using sprintf_s instead. To disable deprecation, use _CRT_SECURE_NO_WARNINGS. See online help for details.
  c:\program files (x86)\windows kits\10\include\10.0.10150.0\ucrt\stdio.h(1769): note: see declaration of 'sprintf'
c:\root_v5.34.36\include\tstring.h(537): warning C4996: 'sprintf': This function or variable may be unsafe. Consider using sprintf_s instead. To disable deprecation, use _CRT_SECURE_NO_WARNINGS. See online help for details.
  c:\program files (x86)\windows kits\10\include\10.0.10150.0\ucrt\stdio.h(1769): note: see declaration of 'sprintf'
c:\root_v5.34.36\include\tstring.h(545): warning C4996: 'sprintf': This function or variable may be unsafe. Consider using sprintf_s instead. To disable deprecation, use _CRT_SECURE_NO_WARNINGS. See online help for details.
  c:\program files (x86)\windows kits\10\include\10.0.10150.0\ucrt\stdio.h(1769): note: see declaration of 'sprintf'
c:\root_v5.34.36\include\tpad.h(326): warning C4800: 'Int_t': forcing value to bool 'true' or 'false' (performance warning)
c:\root_v5.34.36\include\tpad.h(327): warning C4800: 'Int_t': forcing value to bool 'true' or 'false' (performance warning)
c:\root_v5.34.36\include\tpad.h(328): warning C4800: 'Int_t': forcing value to bool 'true' or 'false' (performance warning)
c:\root_v5.34.36\include\tpad.h(384): warning C4800: 'TVirtualViewer3D *const ': forcing value to bool 'true' or 'false' (performance warning)
  DrawGraph.cpp
c:\root_v5.34.36\include\tstring.h(505): warning C4996: 'sprintf': This function or variable may be unsafe. Consider using sprintf_s instead. To disable deprecation, use _CRT_SECURE_NO_WARNINGS. See online help for details.
  c:\program files (x86)\windows kits\10\include\10.0.10150.0\ucrt\stdio.h(1769): note: see declaration of 'sprintf'
c:\root_v5.34.36\include\tstring.h(508): warning C4996: 'sprintf': This function or variable may be unsafe. Consider using sprintf_s instead. To disable deprecation, use _CRT_SECURE_NO_WARNINGS. See online help for details.
  c:\program files (x86)\windows kits\10\include\10.0.10150.0\ucrt\stdio.h(1769): note: see declaration of 'sprintf'
c:\root_v5.34.36\include\tstring.h(526): warning C4996: 'sprintf': This function or variable may be unsafe. Consider using sprintf_s instead. To disable deprecation, use _CRT_SECURE_NO_WARNINGS. See online help for details.
  c:\program files (x86)\windows kits\10\include\10.0.10150.0\ucrt\stdio.h(1769): note: see declaration of 'sprintf'
c:\root_v5.34.36\include\tstring.h(537): warning C4996: 'sprintf': This function or variable may be unsafe. Consider using sprintf_s instead. To disable deprecation, use _CRT_SECURE_NO_WARNINGS. See online help for details.
  c:\program files (x86)\windows kits\10\include\10.0.10150.0\ucrt\stdio.h(1769): note: see declaration of 'sprintf'
c:\root_v5.34.36\include\tstring.h(545): warning C4996: 'sprintf': This function or variable may be unsafe. Consider using sprintf_s instead. To disable deprecation, use _CRT_SECURE_NO_WARNINGS. See online help for details.
  c:\program files (x86)\windows kits\10\include\10.0.10150.0\ucrt\stdio.h(1769): note: see declaration of 'sprintf'
  Channel.cpp
  Generating Code...
  DSO-Sample.vcxproj -> C:\Users\henry\Documents\Visual Studio 2015\Projects\DSO-Sample\Debug\DSO-Sample.exe
  DSO-Sample.vcxproj -> C:\Users\henry\Documents\Visual Studio 2015\Projects\DSO-Sample\Debug\DSO-Sample.pdb (Partial PDB)
