c:\users\henry\documents\visual studio 2015\projects\dso-sample\dso-sample\release\dso-sample.pch
c:\users\henry\documents\visual studio 2015\projects\dso-sample\dso-sample\release\vc140.pdb
c:\users\henry\documents\visual studio 2015\projects\dso-sample\dso-sample\release\stdafx.obj
c:\users\henry\documents\visual studio 2015\projects\dso-sample\dso-sample\release\trigger.obj
c:\users\henry\documents\visual studio 2015\projects\dso-sample\dso-sample\release\hard.obj
c:\users\henry\documents\visual studio 2015\projects\dso-sample\dso-sample\release\dso-sampledlg.obj
c:\users\henry\documents\visual studio 2015\projects\dso-sample\dso-sample\release\dso-sample.obj
c:\users\henry\documents\visual studio 2015\projects\dso-sample\dso-sample\release\channel.obj
c:\users\henry\documents\visual studio 2015\projects\dso-sample\dso-sample\release\viewer.obj
c:\users\henry\documents\visual studio 2015\projects\dso-sample\dso-sample\release\drawgraph.obj
c:\users\henry\documents\visual studio 2015\projects\dso-sample\dso-sample\release\dso-sample.res
c:\users\henry\documents\visual studio 2015\projects\dso-sample\release\dso-sample.pdb
c:\users\henry\documents\visual studio 2015\projects\dso-sample\dso-sample\release\dso-sample.tlog\cl.command.1.tlog
c:\users\henry\documents\visual studio 2015\projects\dso-sample\dso-sample\release\dso-sample.tlog\cl.read.1.tlog
c:\users\henry\documents\visual studio 2015\projects\dso-sample\dso-sample\release\dso-sample.tlog\cl.write.1.tlog
c:\users\henry\documents\visual studio 2015\projects\dso-sample\dso-sample\release\dso-sample.tlog\link-cvtres.read.1.tlog
c:\users\henry\documents\visual studio 2015\projects\dso-sample\dso-sample\release\dso-sample.tlog\link-cvtres.write.1.tlog
c:\users\henry\documents\visual studio 2015\projects\dso-sample\dso-sample\release\dso-sample.tlog\link-mt.read.1.tlog
c:\users\henry\documents\visual studio 2015\projects\dso-sample\dso-sample\release\dso-sample.tlog\link-mt.write.1.tlog
c:\users\henry\documents\visual studio 2015\projects\dso-sample\dso-sample\release\dso-sample.tlog\link-rc.read.1.tlog
c:\users\henry\documents\visual studio 2015\projects\dso-sample\dso-sample\release\dso-sample.tlog\link-rc.write.1.tlog
c:\users\henry\documents\visual studio 2015\projects\dso-sample\dso-sample\release\dso-sample.tlog\link.command.1.tlog
c:\users\henry\documents\visual studio 2015\projects\dso-sample\dso-sample\release\dso-sample.tlog\link.read.1.tlog
c:\users\henry\documents\visual studio 2015\projects\dso-sample\dso-sample\release\dso-sample.tlog\link.write.1.tlog
c:\users\henry\documents\visual studio 2015\projects\dso-sample\dso-sample\release\dso-sample.tlog\rc.command.1.tlog
c:\users\henry\documents\visual studio 2015\projects\dso-sample\dso-sample\release\dso-sample.tlog\rc.read.1.tlog
c:\users\henry\documents\visual studio 2015\projects\dso-sample\dso-sample\release\dso-sample.tlog\rc.write.1.tlog
