  Viewer.cpp
c:\root_v5.34.36\include\TString.h(505): warning C4996: 'sprintf': This function or variable may be unsafe. Consider using sprintf_s instead. To disable deprecation, use _CRT_SECURE_NO_WARNINGS. See online help for details.
  C:\Program Files (x86)\Windows Kits\10\Include\10.0.10150.0\ucrt\stdio.h(1769): note: see declaration of 'sprintf'
c:\root_v5.34.36\include\TString.h(508): warning C4996: 'sprintf': This function or variable may be unsafe. Consider using sprintf_s instead. To disable deprecation, use _CRT_SECURE_NO_WARNINGS. See online help for details.
  C:\Program Files (x86)\Windows Kits\10\Include\10.0.10150.0\ucrt\stdio.h(1769): note: see declaration of 'sprintf'
c:\root_v5.34.36\include\TString.h(526): warning C4996: 'sprintf': This function or variable may be unsafe. Consider using sprintf_s instead. To disable deprecation, use _CRT_SECURE_NO_WARNINGS. See online help for details.
  C:\Program Files (x86)\Windows Kits\10\Include\10.0.10150.0\ucrt\stdio.h(1769): note: see declaration of 'sprintf'
c:\root_v5.34.36\include\TString.h(537): warning C4996: 'sprintf': This function or variable may be unsafe. Consider using sprintf_s instead. To disable deprecation, use _CRT_SECURE_NO_WARNINGS. See online help for details.
  C:\Program Files (x86)\Windows Kits\10\Include\10.0.10150.0\ucrt\stdio.h(1769): note: see declaration of 'sprintf'
c:\root_v5.34.36\include\TString.h(545): warning C4996: 'sprintf': This function or variable may be unsafe. Consider using sprintf_s instead. To disable deprecation, use _CRT_SECURE_NO_WARNINGS. See online help for details.
  C:\Program Files (x86)\Windows Kits\10\Include\10.0.10150.0\ucrt\stdio.h(1769): note: see declaration of 'sprintf'
c:\root_v5.34.36\include\TPad.h(326): warning C4800: 'Int_t': forcing value to bool 'true' or 'false' (performance warning)
c:\root_v5.34.36\include\TPad.h(327): warning C4800: 'Int_t': forcing value to bool 'true' or 'false' (performance warning)
c:\root_v5.34.36\include\TPad.h(328): warning C4800: 'Int_t': forcing value to bool 'true' or 'false' (performance warning)
c:\root_v5.34.36\include\TPad.h(384): warning C4800: 'TVirtualViewer3D *const ': forcing value to bool 'true' or 'false' (performance warning)
  Generating code
  1 of 275 functions ( 0.4%) were compiled, the rest were copied from previous compilation.
    0 functions were new in current compilation
    0 functions had inline decision re-evaluated but remain unchanged
  Finished generating code
  DSO-Sample.vcxproj -> C:\Users\henry\Documents\Visual Studio 2015\Projects\DSO-Sample\Release\DSO-Sample.exe
  DSO-Sample.vcxproj -> C:\Users\henry\Documents\Visual Studio 2015\Projects\DSO-Sample\Release\DSO-Sample.pdb (Full PDB)
